<?xml version="1.0" encoding="UTF-8"?>
<!-- Generated by org.testng.reporters.JUnitXMLReporter -->
<testsuite ignored="0" hostname="DESKTOP-VGDHSU7" failures="0" tests="1" name="calender" time="45.752" errors="0" timestamp="21 Oct 2022 05:54:10 GMT">
  <testcase classname="seleniumproject.HandleCalender" name="@AfterTest quit" time="5.26">
    <failure type="java.io.IOException" message="Failed to open file:/D:/automationTestingCode/HandleCalender/./reports/report.html. Error message: The system cannot find the file specified.
">
      <![CDATA[java.io.IOException: Failed to open file:/D:/automationTestingCode/HandleCalender/./reports/report.html. Error message: The system cannot find the file specified.

at java.desktop/sun.awt.windows.WDesktopPeer.ShellExecute(WDesktopPeer.java:115)
at java.desktop/sun.awt.windows.WDesktopPeer.browse(WDesktopPeer.java:101)
at java.desktop/java.awt.Desktop.browse(Desktop.java:533)
at seleniumproject.HandleCalender.quit(HandleCalender.java:76)
... Removed 24 stack frames]]>
    </failure>
  </testcase> <!-- @AfterTest quit -->
  <testcase classname="seleniumproject.HandleCalender" name="handleCalender" time="23.016"/>
</testsuite> <!-- calender -->
