<?xml version="1.0" encoding="UTF-8"?>
<testng-results ignored="0" total="1" passed="1" failed="0" skipped="0">
  <reporter-output>
  </reporter-output>
  <suite started-at="2022-10-21T05:53:24Z" name="Suite" finished-at="2022-10-21T05:54:10Z" duration-ms="45752">
    <groups>
    </groups>
    <test started-at="2022-10-21T05:53:24Z" name="calender" finished-at="2022-10-21T05:54:10Z" duration-ms="45752">
      <class name="seleniumproject.HandleCalender">
        <test-method is-config="true" signature="initialize(java.lang.String)[pri:0, instance:seleniumproject.HandleCalender@2931522b]" started-at="2022-10-21T05:53:24Z" name="initialize" finished-at="2022-10-21T05:53:41Z" duration-ms="17406" status="PASS">
          <params>
            <param index="0">
              <value>
                <![CDATA[firefox]]>
              </value>
            </param>
          </params>
          <reporter-output>
          </reporter-output>
        </test-method> <!-- initialize -->
        <test-method signature="handleCalender()[pri:0, instance:seleniumproject.HandleCalender@2931522b]" started-at="2022-10-21T05:53:41Z" name="handleCalender" finished-at="2022-10-21T05:54:05Z" duration-ms="23016" status="PASS">
          <reporter-output>
          </reporter-output>
        </test-method> <!-- handleCalender -->
        <test-method is-config="true" signature="quit()[pri:0, instance:seleniumproject.HandleCalender@2931522b]" started-at="2022-10-21T05:54:05Z" name="quit" finished-at="2022-10-21T05:54:10Z" duration-ms="5260" status="FAIL">
          <exception class="java.io.IOException">
            <message>
              <![CDATA[Failed to open file:/D:/automationTestingCode/HandleCalender/./reports/report.html. Error message: The system cannot find the file specified.
]]>
            </message>
            <full-stacktrace>
              <![CDATA[java.io.IOException: Failed to open file:/D:/automationTestingCode/HandleCalender/./reports/report.html. Error message: The system cannot find the file specified.

at java.desktop/sun.awt.windows.WDesktopPeer.ShellExecute(WDesktopPeer.java:115)
at java.desktop/sun.awt.windows.WDesktopPeer.browse(WDesktopPeer.java:101)
at java.desktop/java.awt.Desktop.browse(Desktop.java:533)
at seleniumproject.HandleCalender.quit(HandleCalender.java:76)
at java.base/jdk.internal.reflect.NativeMethodAccessorImpl.invoke0(Native Method)
at java.base/jdk.internal.reflect.NativeMethodAccessorImpl.invoke(NativeMethodAccessorImpl.java:77)
at java.base/jdk.internal.reflect.DelegatingMethodAccessorImpl.invoke(DelegatingMethodAccessorImpl.java:43)
at java.base/java.lang.reflect.Method.invoke(Method.java:568)
at org.testng.internal.MethodInvocationHelper.invokeMethod(MethodInvocationHelper.java:124)
at org.testng.internal.MethodInvocationHelper.invokeMethodConsideringTimeout(MethodInvocationHelper.java:59)
at org.testng.internal.Invoker.invokeConfigurationMethod(Invoker.java:458)
at org.testng.internal.Invoker.invokeConfigurations(Invoker.java:222)
at org.testng.internal.Invoker.invokeConfigurations(Invoker.java:142)
at org.testng.TestRunner.afterRun(TestRunner.java:725)
at org.testng.TestRunner.run(TestRunner.java:509)
at org.testng.SuiteRunner.runTest(SuiteRunner.java:455)
at org.testng.SuiteRunner.runSequentially(SuiteRunner.java:450)
at org.testng.SuiteRunner.privateRun(SuiteRunner.java:415)
at org.testng.SuiteRunner.run(SuiteRunner.java:364)
at org.testng.SuiteRunnerWorker.runSuite(SuiteRunnerWorker.java:52)
at org.testng.SuiteRunnerWorker.run(SuiteRunnerWorker.java:84)
at org.testng.TestNG.runSuitesSequentially(TestNG.java:1208)
at org.testng.TestNG.runSuitesLocally(TestNG.java:1137)
at org.testng.TestNG.runSuites(TestNG.java:1049)
at org.testng.TestNG.run(TestNG.java:1017)
at org.testng.remote.AbstractRemoteTestNG.run(AbstractRemoteTestNG.java:115)
at org.testng.remote.RemoteTestNG.initAndRun(RemoteTestNG.java:251)
at org.testng.remote.RemoteTestNG.main(RemoteTestNG.java:77)
]]>
            </full-stacktrace>
          </exception> <!-- java.io.IOException -->
          <reporter-output>
          </reporter-output>
        </test-method> <!-- quit -->
      </class> <!-- seleniumproject.HandleCalender -->
    </test> <!-- calender -->
  </suite> <!-- Suite -->
</testng-results>
