<?xml version="1.0" encoding="UTF-8"?>
<testng-results ignored="0" total="1" passed="1" failed="0" skipped="0">
  <reporter-output>
  </reporter-output>
  <suite started-at="2022-10-16T03:14:27Z" name="Suite" finished-at="2022-10-16T03:15:06Z" duration-ms="39235">
    <groups>
    </groups>
    <test started-at="2022-10-16T03:14:27Z" name="calender" finished-at="2022-10-16T03:15:06Z" duration-ms="39235">
      <class name="seleniumproject.HandleCalender">
        <test-method is-config="true" signature="initialize(java.lang.String)[pri:0, instance:seleniumproject.HandleCalender@146dfe6]" started-at="2022-10-16T03:14:27Z" name="initialize" finished-at="2022-10-16T03:14:41Z" duration-ms="14417" status="PASS">
          <params>
            <param index="0">
              <value>
                <![CDATA[chrome]]>
              </value>
            </param>
          </params>
          <reporter-output>
          </reporter-output>
        </test-method> <!-- initialize -->
        <test-method signature="handleCalender()[pri:0, instance:seleniumproject.HandleCalender@146dfe6]" started-at="2022-10-16T03:14:41Z" name="handleCalender" finished-at="2022-10-16T03:15:03Z" duration-ms="21956" status="PASS">
          <reporter-output>
          </reporter-output>
        </test-method> <!-- handleCalender -->
        <test-method is-config="true" signature="quit()[pri:0, instance:seleniumproject.HandleCalender@146dfe6]" started-at="2022-10-16T03:15:03Z" name="quit" finished-at="2022-10-16T03:15:06Z" duration-ms="2809" status="PASS">
          <reporter-output>
          </reporter-output>
        </test-method> <!-- quit -->
      </class> <!-- seleniumproject.HandleCalender -->
    </test> <!-- calender -->
  </suite> <!-- Suite -->
</testng-results>
